2022-04-04 11:26:57 INFO  Log:11 - =====================================loginTest TEST START=========================================
2022-04-04 11:26:57 INFO  Log:22 - Navigated to given url
2022-04-04 11:26:57 INFO  Log:22 - Give Username and Paassword and click on singin button
2022-04-04 11:26:58 INFO  Log:22 - Login is sucessful
2022-04-04 11:26:58 INFO  Log:22 - Going to verify Webpage Title after Login
2022-04-04 11:27:01 INFO  Log:22 - Sucessfully verified Webpage Title
2022-04-04 11:27:01 INFO  Log:15 - =====================================loginTest TEST END=========================================
2022-04-04 11:27:07 INFO  Log:11 - =====================================verifyLoginPageTitle TEST START=========================================
2022-04-04 11:27:07 INFO  Log:22 - Navigated to given url
2022-04-04 11:27:07 INFO  Log:22 - Going to verify  Login page Title
2022-04-04 11:27:07 INFO  Log:22 - Sucessfully verified Login page Title
2022-04-04 11:27:07 INFO  Log:15 - =====================================verifyLoginPageTitle TEST END=========================================
2022-04-04 11:27:13 INFO  Log:11 - =====================================verifyUserPage TEST START=========================================
2022-04-04 11:27:13 INFO  Log:22 - Navigated to given url
2022-04-04 11:27:13 INFO  Log:22 - Give Username and Paassword and click on singin button
2022-04-04 11:27:13 INFO  Log:22 - Login is sucessful
2022-04-04 11:27:13 INFO  Log:22 - Going to on Users Option
2022-04-04 11:27:19 INFO  Log:22 - Going to create newuser with all deatils and click on save button
2022-04-04 11:27:21 INFO  Log:22 - Going to verify Sucess message after creating new user
2022-04-04 11:27:22 INFO  Log:22 - Sucessfully verified Sucess message of new user
2022-04-04 11:27:22 INFO  Log:22 - Going to click close button after verifying Sucess Message
2022-04-04 11:27:22 INFO  Log:15 - =====================================verifyUserPage TEST END=========================================
2022-04-04 11:27:28 INFO  Log:11 - =====================================verifyUserPage TEST START=========================================
2022-04-04 11:27:28 INFO  Log:22 - Navigated to given url
2022-04-04 11:27:28 INFO  Log:22 - Give Username and Paassword and click on singin button
2022-04-04 11:27:28 INFO  Log:22 - Login is sucessful
2022-04-04 11:27:28 INFO  Log:22 - Going to on Users Option
2022-04-04 11:27:34 INFO  Log:22 - Going to verify User List Webpage Title 
2022-04-04 11:27:34 INFO  Log:22 - Sucessfully verified User List Webpage Title
2022-04-04 11:27:34 INFO  Log:15 - =====================================verifyUserPage TEST END=========================================
2022-04-04 11:27:34 DEBUG cache:45 - Couldn't find template in cache for "spark/spark.spa.ftl"("en_IN", UTF-8, parsed); will try to load it.
2022-04-04 11:27:34 DEBUG cache:45 - TemplateLoader.findTemplateSource("spark/spark.spa_en_IN.ftl"): Not found
2022-04-04 11:27:34 DEBUG cache:45 - TemplateLoader.findTemplateSource("spark/spark.spa_en.ftl"): Not found
2022-04-04 11:27:34 DEBUG cache:45 - TemplateLoader.findTemplateSource("spark/spark.spa.ftl"): Found
2022-04-04 11:27:34 DEBUG cache:45 - Loading template for "spark/spark.spa.ftl"("en_IN", UTF-8, parsed) from "jar:file:/C:/Users/hp/.m2/repository/com/aventstack/extentreports/5.0.9/extentreports-5.0.9.jar!/com/aventstack/extentreports/templates/spark/spark.spa.ftl"
2022-04-04 11:27:34 DEBUG cache:45 - Couldn't find template in cache for "commons/commons-variables.ftl"("en_IN", UTF-8, parsed); will try to load it.
2022-04-04 11:27:34 DEBUG cache:45 - TemplateLoader.findTemplateSource("commons/commons-variables_en_IN.ftl"): Not found
2022-04-04 11:27:34 DEBUG cache:45 - TemplateLoader.findTemplateSource("commons/commons-variables_en.ftl"): Not found
2022-04-04 11:27:34 DEBUG cache:45 - TemplateLoader.findTemplateSource("commons/commons-variables.ftl"): Found
2022-04-04 11:27:34 DEBUG cache:45 - Loading template for "commons/commons-variables.ftl"("en_IN", UTF-8, parsed) from "jar:file:/C:/Users/hp/.m2/repository/com/aventstack/extentreports/5.0.9/extentreports-5.0.9.jar!/com/aventstack/extentreports/templates/commons/commons-variables.ftl"
2022-04-04 11:27:34 DEBUG cache:45 - Couldn't find template in cache for "commons/commons-macros.ftl"("en_IN", UTF-8, parsed); will try to load it.
2022-04-04 11:27:34 DEBUG cache:45 - TemplateLoader.findTemplateSource("commons/commons-macros_en_IN.ftl"): Not found
2022-04-04 11:27:34 DEBUG cache:45 - TemplateLoader.findTemplateSource("commons/commons-macros_en.ftl"): Not found
2022-04-04 11:27:34 DEBUG cache:45 - TemplateLoader.findTemplateSource("commons/commons-macros.ftl"): Found
2022-04-04 11:27:34 DEBUG cache:45 - Loading template for "commons/commons-macros.ftl"("en_IN", UTF-8, parsed) from "jar:file:/C:/Users/hp/.m2/repository/com/aventstack/extentreports/5.0.9/extentreports-5.0.9.jar!/com/aventstack/extentreports/templates/commons/commons-macros.ftl"
2022-04-04 11:27:34 DEBUG cache:45 - Couldn't find template in cache for "spark/macros/attributes.ftl"("en_IN", UTF-8, parsed); will try to load it.
2022-04-04 11:27:34 DEBUG cache:45 - TemplateLoader.findTemplateSource("spark/macros/attributes_en_IN.ftl"): Not found
2022-04-04 11:27:34 DEBUG cache:45 - TemplateLoader.findTemplateSource("spark/macros/attributes_en.ftl"): Not found
2022-04-04 11:27:34 DEBUG cache:45 - TemplateLoader.findTemplateSource("spark/macros/attributes.ftl"): Found
2022-04-04 11:27:34 DEBUG cache:45 - Loading template for "spark/macros/attributes.ftl"("en_IN", UTF-8, parsed) from "jar:file:/C:/Users/hp/.m2/repository/com/aventstack/extentreports/5.0.9/extentreports-5.0.9.jar!/com/aventstack/extentreports/templates/spark/macros/attributes.ftl"
2022-04-04 11:27:34 DEBUG cache:45 - Couldn't find template in cache for "spark/macros/log.ftl"("en_IN", UTF-8, parsed); will try to load it.
2022-04-04 11:27:34 DEBUG cache:45 - TemplateLoader.findTemplateSource("spark/macros/log_en_IN.ftl"): Not found
2022-04-04 11:27:34 DEBUG cache:45 - TemplateLoader.findTemplateSource("spark/macros/log_en.ftl"): Not found
2022-04-04 11:27:34 DEBUG cache:45 - TemplateLoader.findTemplateSource("spark/macros/log.ftl"): Found
2022-04-04 11:27:34 DEBUG cache:45 - Loading template for "spark/macros/log.ftl"("en_IN", UTF-8, parsed) from "jar:file:/C:/Users/hp/.m2/repository/com/aventstack/extentreports/5.0.9/extentreports-5.0.9.jar!/com/aventstack/extentreports/templates/spark/macros/log.ftl"
2022-04-04 11:27:34 DEBUG cache:45 - Couldn't find template in cache for "spark/macros/recurse_nodes.ftl"("en_IN", UTF-8, parsed); will try to load it.
2022-04-04 11:27:34 DEBUG cache:45 - TemplateLoader.findTemplateSource("spark/macros/recurse_nodes_en_IN.ftl"): Not found
2022-04-04 11:27:34 DEBUG cache:45 - TemplateLoader.findTemplateSource("spark/macros/recurse_nodes_en.ftl"): Not found
2022-04-04 11:27:34 DEBUG cache:45 - TemplateLoader.findTemplateSource("spark/macros/recurse_nodes.ftl"): Found
2022-04-04 11:27:34 DEBUG cache:45 - Loading template for "spark/macros/recurse_nodes.ftl"("en_IN", UTF-8, parsed) from "jar:file:/C:/Users/hp/.m2/repository/com/aventstack/extentreports/5.0.9/extentreports-5.0.9.jar!/com/aventstack/extentreports/templates/spark/macros/recurse_nodes.ftl"
2022-04-04 11:27:34 DEBUG cache:45 - "spark/macros/log.ftl"("en_IN", UTF-8, parsed) cached copy not yet stale; using cached.
2022-04-04 11:27:34 DEBUG cache:45 - Couldn't find template in cache for "spark/macros/attr-common.ftl"("en_IN", UTF-8, parsed); will try to load it.
2022-04-04 11:27:34 DEBUG cache:45 - TemplateLoader.findTemplateSource("spark/macros/attr-common_en_IN.ftl"): Not found
2022-04-04 11:27:34 DEBUG cache:45 - TemplateLoader.findTemplateSource("spark/macros/attr-common_en.ftl"): Not found
2022-04-04 11:27:34 DEBUG cache:45 - TemplateLoader.findTemplateSource("spark/macros/attr-common.ftl"): Found
2022-04-04 11:27:34 DEBUG cache:45 - Loading template for "spark/macros/attr-common.ftl"("en_IN", UTF-8, parsed) from "jar:file:/C:/Users/hp/.m2/repository/com/aventstack/extentreports/5.0.9/extentreports-5.0.9.jar!/com/aventstack/extentreports/templates/spark/macros/attr-common.ftl"
2022-04-04 11:27:34 DEBUG cache:45 - Couldn't find template in cache for "spark/partials/head.ftl"("en_IN", UTF-8, parsed); will try to load it.
2022-04-04 11:27:34 DEBUG cache:45 - TemplateLoader.findTemplateSource("spark/partials/head_en_IN.ftl"): Not found
2022-04-04 11:27:34 DEBUG cache:45 - TemplateLoader.findTemplateSource("spark/partials/head_en.ftl"): Not found
2022-04-04 11:27:34 DEBUG cache:45 - TemplateLoader.findTemplateSource("spark/partials/head.ftl"): Found
2022-04-04 11:27:34 DEBUG cache:45 - Loading template for "spark/partials/head.ftl"("en_IN", UTF-8, parsed) from "jar:file:/C:/Users/hp/.m2/repository/com/aventstack/extentreports/5.0.9/extentreports-5.0.9.jar!/com/aventstack/extentreports/templates/spark/partials/head.ftl"
2022-04-04 11:27:34 DEBUG cache:45 - Couldn't find template in cache for "commons/commons-inject-css.ftl"("en_IN", UTF-8, parsed); will try to load it.
2022-04-04 11:27:34 DEBUG cache:45 - TemplateLoader.findTemplateSource("commons/commons-inject-css_en_IN.ftl"): Not found
2022-04-04 11:27:34 DEBUG cache:45 - TemplateLoader.findTemplateSource("commons/commons-inject-css_en.ftl"): Not found
2022-04-04 11:27:34 DEBUG cache:45 - TemplateLoader.findTemplateSource("commons/commons-inject-css.ftl"): Found
2022-04-04 11:27:34 DEBUG cache:45 - Loading template for "commons/commons-inject-css.ftl"("en_IN", UTF-8, parsed) from "jar:file:/C:/Users/hp/.m2/repository/com/aventstack/extentreports/5.0.9/extentreports-5.0.9.jar!/com/aventstack/extentreports/templates/commons/commons-inject-css.ftl"
2022-04-04 11:27:34 DEBUG cache:45 - Couldn't find template in cache for "spark/partials/navbar.ftl"("en_IN", UTF-8, parsed); will try to load it.
2022-04-04 11:27:34 DEBUG cache:45 - TemplateLoader.findTemplateSource("spark/partials/navbar_en_IN.ftl"): Not found
2022-04-04 11:27:34 DEBUG cache:45 - TemplateLoader.findTemplateSource("spark/partials/navbar_en.ftl"): Not found
2022-04-04 11:27:34 DEBUG cache:45 - TemplateLoader.findTemplateSource("spark/partials/navbar.ftl"): Found
2022-04-04 11:27:34 DEBUG cache:45 - Loading template for "spark/partials/navbar.ftl"("en_IN", UTF-8, parsed) from "jar:file:/C:/Users/hp/.m2/repository/com/aventstack/extentreports/5.0.9/extentreports-5.0.9.jar!/com/aventstack/extentreports/templates/spark/partials/navbar.ftl"
2022-04-04 11:27:34 DEBUG cache:45 - Couldn't find template in cache for "spark/partials/sidenav.ftl"("en_IN", UTF-8, parsed); will try to load it.
2022-04-04 11:27:34 DEBUG cache:45 - TemplateLoader.findTemplateSource("spark/partials/sidenav_en_IN.ftl"): Not found
2022-04-04 11:27:34 DEBUG cache:45 - TemplateLoader.findTemplateSource("spark/partials/sidenav_en.ftl"): Not found
2022-04-04 11:27:34 DEBUG cache:45 - TemplateLoader.findTemplateSource("spark/partials/sidenav.ftl"): Found
2022-04-04 11:27:34 DEBUG cache:45 - Loading template for "spark/partials/sidenav.ftl"("en_IN", UTF-8, parsed) from "jar:file:/C:/Users/hp/.m2/repository/com/aventstack/extentreports/5.0.9/extentreports-5.0.9.jar!/com/aventstack/extentreports/templates/spark/partials/sidenav.ftl"
2022-04-04 11:27:34 DEBUG cache:45 - Couldn't find template in cache for "spark/partials/test.ftl"("en_IN", UTF-8, parsed); will try to load it.
2022-04-04 11:27:34 DEBUG cache:45 - TemplateLoader.findTemplateSource("spark/partials/test_en_IN.ftl"): Not found
2022-04-04 11:27:34 DEBUG cache:45 - TemplateLoader.findTemplateSource("spark/partials/test_en.ftl"): Not found
2022-04-04 11:27:34 DEBUG cache:45 - TemplateLoader.findTemplateSource("spark/partials/test.ftl"): Found
2022-04-04 11:27:34 DEBUG cache:45 - Loading template for "spark/partials/test.ftl"("en_IN", UTF-8, parsed) from "jar:file:/C:/Users/hp/.m2/repository/com/aventstack/extentreports/5.0.9/extentreports-5.0.9.jar!/com/aventstack/extentreports/templates/spark/partials/test.ftl"
2022-04-04 11:27:34 DEBUG cache:45 - Couldn't find template in cache for "spark/partials/standard-content.ftl"("en_IN", UTF-8, parsed); will try to load it.
2022-04-04 11:27:34 DEBUG cache:45 - TemplateLoader.findTemplateSource("spark/partials/standard-content_en_IN.ftl"): Not found
2022-04-04 11:27:34 DEBUG cache:45 - TemplateLoader.findTemplateSource("spark/partials/standard-content_en.ftl"): Not found
2022-04-04 11:27:34 DEBUG cache:45 - TemplateLoader.findTemplateSource("spark/partials/standard-content.ftl"): Found
2022-04-04 11:27:34 DEBUG cache:45 - Loading template for "spark/partials/standard-content.ftl"("en_IN", UTF-8, parsed) from "jar:file:/C:/Users/hp/.m2/repository/com/aventstack/extentreports/5.0.9/extentreports-5.0.9.jar!/com/aventstack/extentreports/templates/spark/partials/standard-content.ftl"
2022-04-04 11:27:34 DEBUG cache:45 - "spark/partials/standard-content.ftl"("en_IN", UTF-8, parsed) cached copy not yet stale; using cached.
2022-04-04 11:27:34 DEBUG cache:45 - "spark/partials/standard-content.ftl"("en_IN", UTF-8, parsed) cached copy not yet stale; using cached.
2022-04-04 11:27:34 DEBUG cache:45 - "spark/partials/standard-content.ftl"("en_IN", UTF-8, parsed) cached copy not yet stale; using cached.
2022-04-04 11:27:34 DEBUG cache:45 - Couldn't find template in cache for "spark/partials/exception.ftl"("en_IN", UTF-8, parsed); will try to load it.
2022-04-04 11:27:34 DEBUG cache:45 - TemplateLoader.findTemplateSource("spark/partials/exception_en_IN.ftl"): Not found
2022-04-04 11:27:34 DEBUG cache:45 - TemplateLoader.findTemplateSource("spark/partials/exception_en.ftl"): Not found
2022-04-04 11:27:34 DEBUG cache:45 - TemplateLoader.findTemplateSource("spark/partials/exception.ftl"): Found
2022-04-04 11:27:34 DEBUG cache:45 - Loading template for "spark/partials/exception.ftl"("en_IN", UTF-8, parsed) from "jar:file:/C:/Users/hp/.m2/repository/com/aventstack/extentreports/5.0.9/extentreports-5.0.9.jar!/com/aventstack/extentreports/templates/spark/partials/exception.ftl"
2022-04-04 11:27:34 DEBUG cache:45 - Couldn't find template in cache for "spark/partials/category.ftl"("en_IN", UTF-8, parsed); will try to load it.
2022-04-04 11:27:34 DEBUG cache:45 - TemplateLoader.findTemplateSource("spark/partials/category_en_IN.ftl"): Not found
2022-04-04 11:27:34 DEBUG cache:45 - TemplateLoader.findTemplateSource("spark/partials/category_en.ftl"): Not found
2022-04-04 11:27:34 DEBUG cache:45 - TemplateLoader.findTemplateSource("spark/partials/category.ftl"): Found
2022-04-04 11:27:34 DEBUG cache:45 - Loading template for "spark/partials/category.ftl"("en_IN", UTF-8, parsed) from "jar:file:/C:/Users/hp/.m2/repository/com/aventstack/extentreports/5.0.9/extentreports-5.0.9.jar!/com/aventstack/extentreports/templates/spark/partials/category.ftl"
2022-04-04 11:27:34 DEBUG cache:45 - Couldn't find template in cache for "spark/partials/device.ftl"("en_IN", UTF-8, parsed); will try to load it.
2022-04-04 11:27:34 DEBUG cache:45 - TemplateLoader.findTemplateSource("spark/partials/device_en_IN.ftl"): Not found
2022-04-04 11:27:34 DEBUG cache:45 - TemplateLoader.findTemplateSource("spark/partials/device_en.ftl"): Not found
2022-04-04 11:27:34 DEBUG cache:45 - TemplateLoader.findTemplateSource("spark/partials/device.ftl"): Found
2022-04-04 11:27:34 DEBUG cache:45 - Loading template for "spark/partials/device.ftl"("en_IN", UTF-8, parsed) from "jar:file:/C:/Users/hp/.m2/repository/com/aventstack/extentreports/5.0.9/extentreports-5.0.9.jar!/com/aventstack/extentreports/templates/spark/partials/device.ftl"
2022-04-04 11:27:34 DEBUG cache:45 - Couldn't find template in cache for "spark/partials/author.ftl"("en_IN", UTF-8, parsed); will try to load it.
2022-04-04 11:27:34 DEBUG cache:45 - TemplateLoader.findTemplateSource("spark/partials/author_en_IN.ftl"): Not found
2022-04-04 11:27:34 DEBUG cache:45 - TemplateLoader.findTemplateSource("spark/partials/author_en.ftl"): Not found
2022-04-04 11:27:34 DEBUG cache:45 - TemplateLoader.findTemplateSource("spark/partials/author.ftl"): Found
2022-04-04 11:27:34 DEBUG cache:45 - Loading template for "spark/partials/author.ftl"("en_IN", UTF-8, parsed) from "jar:file:/C:/Users/hp/.m2/repository/com/aventstack/extentreports/5.0.9/extentreports-5.0.9.jar!/com/aventstack/extentreports/templates/spark/partials/author.ftl"
2022-04-04 11:27:34 DEBUG cache:45 - Couldn't find template in cache for "spark/partials/log.ftl"("en_IN", UTF-8, parsed); will try to load it.
2022-04-04 11:27:34 DEBUG cache:45 - TemplateLoader.findTemplateSource("spark/partials/log_en_IN.ftl"): Not found
2022-04-04 11:27:34 DEBUG cache:45 - TemplateLoader.findTemplateSource("spark/partials/log_en.ftl"): Not found
2022-04-04 11:27:34 DEBUG cache:45 - TemplateLoader.findTemplateSource("spark/partials/log.ftl"): Found
2022-04-04 11:27:34 DEBUG cache:45 - Loading template for "spark/partials/log.ftl"("en_IN", UTF-8, parsed) from "jar:file:/C:/Users/hp/.m2/repository/com/aventstack/extentreports/5.0.9/extentreports-5.0.9.jar!/com/aventstack/extentreports/templates/spark/partials/log.ftl"
2022-04-04 11:27:34 DEBUG cache:45 - Couldn't find template in cache for "spark/partials/dashboard.ftl"("en_IN", UTF-8, parsed); will try to load it.
2022-04-04 11:27:34 DEBUG cache:45 - TemplateLoader.findTemplateSource("spark/partials/dashboard_en_IN.ftl"): Not found
2022-04-04 11:27:34 DEBUG cache:45 - TemplateLoader.findTemplateSource("spark/partials/dashboard_en.ftl"): Not found
2022-04-04 11:27:34 DEBUG cache:45 - TemplateLoader.findTemplateSource("spark/partials/dashboard.ftl"): Found
2022-04-04 11:27:34 DEBUG cache:45 - Loading template for "spark/partials/dashboard.ftl"("en_IN", UTF-8, parsed) from "jar:file:/C:/Users/hp/.m2/repository/com/aventstack/extentreports/5.0.9/extentreports-5.0.9.jar!/com/aventstack/extentreports/templates/spark/partials/dashboard.ftl"
2022-04-04 11:27:34 DEBUG cache:45 - Couldn't find template in cache for "spark/partials/scripts.ftl"("en_IN", UTF-8, parsed); will try to load it.
2022-04-04 11:27:34 DEBUG cache:45 - TemplateLoader.findTemplateSource("spark/partials/scripts_en_IN.ftl"): Not found
2022-04-04 11:27:34 DEBUG cache:45 - TemplateLoader.findTemplateSource("spark/partials/scripts_en.ftl"): Not found
2022-04-04 11:27:34 DEBUG cache:45 - TemplateLoader.findTemplateSource("spark/partials/scripts.ftl"): Found
2022-04-04 11:27:34 DEBUG cache:45 - Loading template for "spark/partials/scripts.ftl"("en_IN", UTF-8, parsed) from "jar:file:/C:/Users/hp/.m2/repository/com/aventstack/extentreports/5.0.9/extentreports-5.0.9.jar!/com/aventstack/extentreports/templates/spark/partials/scripts.ftl"
2022-04-04 11:27:34 DEBUG cache:45 - Couldn't find template in cache for "commons/commons-inject-js.ftl"("en_IN", UTF-8, parsed); will try to load it.
2022-04-04 11:27:34 DEBUG cache:45 - TemplateLoader.findTemplateSource("commons/commons-inject-js_en_IN.ftl"): Not found
2022-04-04 11:27:34 DEBUG cache:45 - TemplateLoader.findTemplateSource("commons/commons-inject-js_en.ftl"): Not found
2022-04-04 11:27:34 DEBUG cache:45 - TemplateLoader.findTemplateSource("commons/commons-inject-js.ftl"): Found
2022-04-04 11:27:34 DEBUG cache:45 - Loading template for "commons/commons-inject-js.ftl"("en_IN", UTF-8, parsed) from "jar:file:/C:/Users/hp/.m2/repository/com/aventstack/extentreports/5.0.9/extentreports-5.0.9.jar!/com/aventstack/extentreports/templates/commons/commons-inject-js.ftl"
2022-04-04 12:06:58 INFO  Log:11 - =====================================loginTest TEST START=========================================
2022-04-04 12:06:58 INFO  Log:22 - Navigated to given url
2022-04-04 12:06:58 INFO  Log:22 - Give Username and Paassword and click on singin button
2022-04-04 12:06:59 INFO  Log:22 - Login is sucessful
2022-04-04 12:06:59 INFO  Log:22 - Going to verify Webpage Title after Login
2022-04-04 12:07:04 INFO  Log:22 - Sucessfully verified Webpage Title
2022-04-04 12:07:04 INFO  Log:15 - =====================================loginTest TEST END=========================================
2022-04-04 12:07:21 INFO  Log:11 - =====================================verifyLoginPageTitle TEST START=========================================
2022-04-04 12:07:21 INFO  Log:22 - Navigated to given url
2022-04-04 12:07:21 INFO  Log:22 - Going to verify  Login page Title
2022-04-04 12:07:21 INFO  Log:22 - Sucessfully verified Login page Title
2022-04-04 12:07:21 INFO  Log:15 - =====================================verifyLoginPageTitle TEST END=========================================
2022-04-04 12:07:29 INFO  Log:11 - =====================================verifyUserPage TEST START=========================================
2022-04-04 12:07:29 INFO  Log:22 - Navigated to given url
2022-04-04 12:07:29 INFO  Log:22 - Give Username and Paassword and click on singin button
2022-04-04 12:07:31 INFO  Log:22 - Login is sucessful
2022-04-04 12:07:31 INFO  Log:22 - Going to on Users Option
2022-04-04 12:07:38 INFO  Log:22 - Going to create newuser with all deatils and click on save button
2022-04-04 12:07:41 INFO  Log:22 - Going to verify Sucess message after creating new user
2022-04-04 12:07:41 INFO  Log:22 - Sucessfully verified Sucess message of new user
2022-04-04 12:07:41 INFO  Log:22 - Going to click close button after verifying Sucess Message
2022-04-04 12:07:42 INFO  Log:15 - =====================================verifyUserPage TEST END=========================================
2022-04-04 12:07:49 INFO  Log:11 - =====================================verifyUserPage TEST START=========================================
2022-04-04 12:07:49 INFO  Log:22 - Navigated to given url
2022-04-04 12:07:49 INFO  Log:22 - Give Username and Paassword and click on singin button
2022-04-04 12:07:49 INFO  Log:22 - Login is sucessful
2022-04-04 12:07:49 INFO  Log:22 - Going to on Users Option
2022-04-04 12:07:55 INFO  Log:22 - Going to verify User List Webpage Title 
2022-04-04 12:07:55 INFO  Log:22 - Sucessfully verified User List Webpage Title
2022-04-04 12:07:55 INFO  Log:15 - =====================================verifyUserPage TEST END=========================================
2022-04-04 12:07:55 DEBUG cache:45 - Couldn't find template in cache for "spark/spark.spa.ftl"("en_IN", UTF-8, parsed); will try to load it.
2022-04-04 12:07:55 DEBUG cache:45 - TemplateLoader.findTemplateSource("spark/spark.spa_en_IN.ftl"): Not found
2022-04-04 12:07:55 DEBUG cache:45 - TemplateLoader.findTemplateSource("spark/spark.spa_en.ftl"): Not found
2022-04-04 12:07:55 DEBUG cache:45 - TemplateLoader.findTemplateSource("spark/spark.spa.ftl"): Found
2022-04-04 12:07:55 DEBUG cache:45 - Loading template for "spark/spark.spa.ftl"("en_IN", UTF-8, parsed) from "jar:file:/C:/Users/hp/.m2/repository/com/aventstack/extentreports/5.0.9/extentreports-5.0.9.jar!/com/aventstack/extentreports/templates/spark/spark.spa.ftl"
2022-04-04 12:07:55 DEBUG cache:45 - Couldn't find template in cache for "commons/commons-variables.ftl"("en_IN", UTF-8, parsed); will try to load it.
2022-04-04 12:07:55 DEBUG cache:45 - TemplateLoader.findTemplateSource("commons/commons-variables_en_IN.ftl"): Not found
2022-04-04 12:07:55 DEBUG cache:45 - TemplateLoader.findTemplateSource("commons/commons-variables_en.ftl"): Not found
2022-04-04 12:07:55 DEBUG cache:45 - TemplateLoader.findTemplateSource("commons/commons-variables.ftl"): Found
2022-04-04 12:07:55 DEBUG cache:45 - Loading template for "commons/commons-variables.ftl"("en_IN", UTF-8, parsed) from "jar:file:/C:/Users/hp/.m2/repository/com/aventstack/extentreports/5.0.9/extentreports-5.0.9.jar!/com/aventstack/extentreports/templates/commons/commons-variables.ftl"
2022-04-04 12:07:55 DEBUG cache:45 - Couldn't find template in cache for "commons/commons-macros.ftl"("en_IN", UTF-8, parsed); will try to load it.
2022-04-04 12:07:55 DEBUG cache:45 - TemplateLoader.findTemplateSource("commons/commons-macros_en_IN.ftl"): Not found
2022-04-04 12:07:55 DEBUG cache:45 - TemplateLoader.findTemplateSource("commons/commons-macros_en.ftl"): Not found
2022-04-04 12:07:55 DEBUG cache:45 - TemplateLoader.findTemplateSource("commons/commons-macros.ftl"): Found
2022-04-04 12:07:55 DEBUG cache:45 - Loading template for "commons/commons-macros.ftl"("en_IN", UTF-8, parsed) from "jar:file:/C:/Users/hp/.m2/repository/com/aventstack/extentreports/5.0.9/extentreports-5.0.9.jar!/com/aventstack/extentreports/templates/commons/commons-macros.ftl"
2022-04-04 12:07:55 DEBUG cache:45 - Couldn't find template in cache for "spark/macros/attributes.ftl"("en_IN", UTF-8, parsed); will try to load it.
2022-04-04 12:07:55 DEBUG cache:45 - TemplateLoader.findTemplateSource("spark/macros/attributes_en_IN.ftl"): Not found
2022-04-04 12:07:55 DEBUG cache:45 - TemplateLoader.findTemplateSource("spark/macros/attributes_en.ftl"): Not found
2022-04-04 12:07:55 DEBUG cache:45 - TemplateLoader.findTemplateSource("spark/macros/attributes.ftl"): Found
2022-04-04 12:07:55 DEBUG cache:45 - Loading template for "spark/macros/attributes.ftl"("en_IN", UTF-8, parsed) from "jar:file:/C:/Users/hp/.m2/repository/com/aventstack/extentreports/5.0.9/extentreports-5.0.9.jar!/com/aventstack/extentreports/templates/spark/macros/attributes.ftl"
2022-04-04 12:07:55 DEBUG cache:45 - Couldn't find template in cache for "spark/macros/log.ftl"("en_IN", UTF-8, parsed); will try to load it.
2022-04-04 12:07:55 DEBUG cache:45 - TemplateLoader.findTemplateSource("spark/macros/log_en_IN.ftl"): Not found
2022-04-04 12:07:55 DEBUG cache:45 - TemplateLoader.findTemplateSource("spark/macros/log_en.ftl"): Not found
2022-04-04 12:07:55 DEBUG cache:45 - TemplateLoader.findTemplateSource("spark/macros/log.ftl"): Found
2022-04-04 12:07:55 DEBUG cache:45 - Loading template for "spark/macros/log.ftl"("en_IN", UTF-8, parsed) from "jar:file:/C:/Users/hp/.m2/repository/com/aventstack/extentreports/5.0.9/extentreports-5.0.9.jar!/com/aventstack/extentreports/templates/spark/macros/log.ftl"
2022-04-04 12:07:55 DEBUG cache:45 - Couldn't find template in cache for "spark/macros/recurse_nodes.ftl"("en_IN", UTF-8, parsed); will try to load it.
2022-04-04 12:07:55 DEBUG cache:45 - TemplateLoader.findTemplateSource("spark/macros/recurse_nodes_en_IN.ftl"): Not found
2022-04-04 12:07:55 DEBUG cache:45 - TemplateLoader.findTemplateSource("spark/macros/recurse_nodes_en.ftl"): Not found
2022-04-04 12:07:55 DEBUG cache:45 - TemplateLoader.findTemplateSource("spark/macros/recurse_nodes.ftl"): Found
2022-04-04 12:07:55 DEBUG cache:45 - Loading template for "spark/macros/recurse_nodes.ftl"("en_IN", UTF-8, parsed) from "jar:file:/C:/Users/hp/.m2/repository/com/aventstack/extentreports/5.0.9/extentreports-5.0.9.jar!/com/aventstack/extentreports/templates/spark/macros/recurse_nodes.ftl"
2022-04-04 12:07:55 DEBUG cache:45 - "spark/macros/log.ftl"("en_IN", UTF-8, parsed) cached copy not yet stale; using cached.
2022-04-04 12:07:55 DEBUG cache:45 - Couldn't find template in cache for "spark/macros/attr-common.ftl"("en_IN", UTF-8, parsed); will try to load it.
2022-04-04 12:07:55 DEBUG cache:45 - TemplateLoader.findTemplateSource("spark/macros/attr-common_en_IN.ftl"): Not found
2022-04-04 12:07:55 DEBUG cache:45 - TemplateLoader.findTemplateSource("spark/macros/attr-common_en.ftl"): Not found
2022-04-04 12:07:55 DEBUG cache:45 - TemplateLoader.findTemplateSource("spark/macros/attr-common.ftl"): Found
2022-04-04 12:07:55 DEBUG cache:45 - Loading template for "spark/macros/attr-common.ftl"("en_IN", UTF-8, parsed) from "jar:file:/C:/Users/hp/.m2/repository/com/aventstack/extentreports/5.0.9/extentreports-5.0.9.jar!/com/aventstack/extentreports/templates/spark/macros/attr-common.ftl"
2022-04-04 12:07:55 DEBUG cache:45 - Couldn't find template in cache for "spark/partials/head.ftl"("en_IN", UTF-8, parsed); will try to load it.
2022-04-04 12:07:55 DEBUG cache:45 - TemplateLoader.findTemplateSource("spark/partials/head_en_IN.ftl"): Not found
2022-04-04 12:07:55 DEBUG cache:45 - TemplateLoader.findTemplateSource("spark/partials/head_en.ftl"): Not found
2022-04-04 12:07:55 DEBUG cache:45 - TemplateLoader.findTemplateSource("spark/partials/head.ftl"): Found
2022-04-04 12:07:55 DEBUG cache:45 - Loading template for "spark/partials/head.ftl"("en_IN", UTF-8, parsed) from "jar:file:/C:/Users/hp/.m2/repository/com/aventstack/extentreports/5.0.9/extentreports-5.0.9.jar!/com/aventstack/extentreports/templates/spark/partials/head.ftl"
2022-04-04 12:07:55 DEBUG cache:45 - Couldn't find template in cache for "commons/commons-inject-css.ftl"("en_IN", UTF-8, parsed); will try to load it.
2022-04-04 12:07:55 DEBUG cache:45 - TemplateLoader.findTemplateSource("commons/commons-inject-css_en_IN.ftl"): Not found
2022-04-04 12:07:55 DEBUG cache:45 - TemplateLoader.findTemplateSource("commons/commons-inject-css_en.ftl"): Not found
2022-04-04 12:07:55 DEBUG cache:45 - TemplateLoader.findTemplateSource("commons/commons-inject-css.ftl"): Found
2022-04-04 12:07:55 DEBUG cache:45 - Loading template for "commons/commons-inject-css.ftl"("en_IN", UTF-8, parsed) from "jar:file:/C:/Users/hp/.m2/repository/com/aventstack/extentreports/5.0.9/extentreports-5.0.9.jar!/com/aventstack/extentreports/templates/commons/commons-inject-css.ftl"
2022-04-04 12:07:55 DEBUG cache:45 - Couldn't find template in cache for "spark/partials/navbar.ftl"("en_IN", UTF-8, parsed); will try to load it.
2022-04-04 12:07:55 DEBUG cache:45 - TemplateLoader.findTemplateSource("spark/partials/navbar_en_IN.ftl"): Not found
2022-04-04 12:07:55 DEBUG cache:45 - TemplateLoader.findTemplateSource("spark/partials/navbar_en.ftl"): Not found
2022-04-04 12:07:55 DEBUG cache:45 - TemplateLoader.findTemplateSource("spark/partials/navbar.ftl"): Found
2022-04-04 12:07:55 DEBUG cache:45 - Loading template for "spark/partials/navbar.ftl"("en_IN", UTF-8, parsed) from "jar:file:/C:/Users/hp/.m2/repository/com/aventstack/extentreports/5.0.9/extentreports-5.0.9.jar!/com/aventstack/extentreports/templates/spark/partials/navbar.ftl"
2022-04-04 12:07:55 DEBUG cache:45 - Couldn't find template in cache for "spark/partials/sidenav.ftl"("en_IN", UTF-8, parsed); will try to load it.
2022-04-04 12:07:55 DEBUG cache:45 - TemplateLoader.findTemplateSource("spark/partials/sidenav_en_IN.ftl"): Not found
2022-04-04 12:07:55 DEBUG cache:45 - TemplateLoader.findTemplateSource("spark/partials/sidenav_en.ftl"): Not found
2022-04-04 12:07:55 DEBUG cache:45 - TemplateLoader.findTemplateSource("spark/partials/sidenav.ftl"): Found
2022-04-04 12:07:55 DEBUG cache:45 - Loading template for "spark/partials/sidenav.ftl"("en_IN", UTF-8, parsed) from "jar:file:/C:/Users/hp/.m2/repository/com/aventstack/extentreports/5.0.9/extentreports-5.0.9.jar!/com/aventstack/extentreports/templates/spark/partials/sidenav.ftl"
2022-04-04 12:07:55 DEBUG cache:45 - Couldn't find template in cache for "spark/partials/test.ftl"("en_IN", UTF-8, parsed); will try to load it.
2022-04-04 12:07:55 DEBUG cache:45 - TemplateLoader.findTemplateSource("spark/partials/test_en_IN.ftl"): Not found
2022-04-04 12:07:55 DEBUG cache:45 - TemplateLoader.findTemplateSource("spark/partials/test_en.ftl"): Not found
2022-04-04 12:07:55 DEBUG cache:45 - TemplateLoader.findTemplateSource("spark/partials/test.ftl"): Found
2022-04-04 12:07:55 DEBUG cache:45 - Loading template for "spark/partials/test.ftl"("en_IN", UTF-8, parsed) from "jar:file:/C:/Users/hp/.m2/repository/com/aventstack/extentreports/5.0.9/extentreports-5.0.9.jar!/com/aventstack/extentreports/templates/spark/partials/test.ftl"
2022-04-04 12:07:55 DEBUG cache:45 - Couldn't find template in cache for "spark/partials/standard-content.ftl"("en_IN", UTF-8, parsed); will try to load it.
2022-04-04 12:07:55 DEBUG cache:45 - TemplateLoader.findTemplateSource("spark/partials/standard-content_en_IN.ftl"): Not found
2022-04-04 12:07:55 DEBUG cache:45 - TemplateLoader.findTemplateSource("spark/partials/standard-content_en.ftl"): Not found
2022-04-04 12:07:55 DEBUG cache:45 - TemplateLoader.findTemplateSource("spark/partials/standard-content.ftl"): Found
2022-04-04 12:07:55 DEBUG cache:45 - Loading template for "spark/partials/standard-content.ftl"("en_IN", UTF-8, parsed) from "jar:file:/C:/Users/hp/.m2/repository/com/aventstack/extentreports/5.0.9/extentreports-5.0.9.jar!/com/aventstack/extentreports/templates/spark/partials/standard-content.ftl"
2022-04-04 12:07:55 DEBUG cache:45 - "spark/partials/standard-content.ftl"("en_IN", UTF-8, parsed) cached copy not yet stale; using cached.
2022-04-04 12:07:55 DEBUG cache:45 - "spark/partials/standard-content.ftl"("en_IN", UTF-8, parsed) cached copy not yet stale; using cached.
2022-04-04 12:07:55 DEBUG cache:45 - "spark/partials/standard-content.ftl"("en_IN", UTF-8, parsed) cached copy not yet stale; using cached.
2022-04-04 12:07:55 DEBUG cache:45 - Couldn't find template in cache for "spark/partials/exception.ftl"("en_IN", UTF-8, parsed); will try to load it.
2022-04-04 12:07:55 DEBUG cache:45 - TemplateLoader.findTemplateSource("spark/partials/exception_en_IN.ftl"): Not found
2022-04-04 12:07:55 DEBUG cache:45 - TemplateLoader.findTemplateSource("spark/partials/exception_en.ftl"): Not found
2022-04-04 12:07:55 DEBUG cache:45 - TemplateLoader.findTemplateSource("spark/partials/exception.ftl"): Found
2022-04-04 12:07:55 DEBUG cache:45 - Loading template for "spark/partials/exception.ftl"("en_IN", UTF-8, parsed) from "jar:file:/C:/Users/hp/.m2/repository/com/aventstack/extentreports/5.0.9/extentreports-5.0.9.jar!/com/aventstack/extentreports/templates/spark/partials/exception.ftl"
2022-04-04 12:07:55 DEBUG cache:45 - Couldn't find template in cache for "spark/partials/category.ftl"("en_IN", UTF-8, parsed); will try to load it.
2022-04-04 12:07:55 DEBUG cache:45 - TemplateLoader.findTemplateSource("spark/partials/category_en_IN.ftl"): Not found
2022-04-04 12:07:55 DEBUG cache:45 - TemplateLoader.findTemplateSource("spark/partials/category_en.ftl"): Not found
2022-04-04 12:07:55 DEBUG cache:45 - TemplateLoader.findTemplateSource("spark/partials/category.ftl"): Found
2022-04-04 12:07:55 DEBUG cache:45 - Loading template for "spark/partials/category.ftl"("en_IN", UTF-8, parsed) from "jar:file:/C:/Users/hp/.m2/repository/com/aventstack/extentreports/5.0.9/extentreports-5.0.9.jar!/com/aventstack/extentreports/templates/spark/partials/category.ftl"
2022-04-04 12:07:55 DEBUG cache:45 - Couldn't find template in cache for "spark/partials/device.ftl"("en_IN", UTF-8, parsed); will try to load it.
2022-04-04 12:07:55 DEBUG cache:45 - TemplateLoader.findTemplateSource("spark/partials/device_en_IN.ftl"): Not found
2022-04-04 12:07:55 DEBUG cache:45 - TemplateLoader.findTemplateSource("spark/partials/device_en.ftl"): Not found
2022-04-04 12:07:55 DEBUG cache:45 - TemplateLoader.findTemplateSource("spark/partials/device.ftl"): Found
2022-04-04 12:07:55 DEBUG cache:45 - Loading template for "spark/partials/device.ftl"("en_IN", UTF-8, parsed) from "jar:file:/C:/Users/hp/.m2/repository/com/aventstack/extentreports/5.0.9/extentreports-5.0.9.jar!/com/aventstack/extentreports/templates/spark/partials/device.ftl"
2022-04-04 12:07:55 DEBUG cache:45 - Couldn't find template in cache for "spark/partials/author.ftl"("en_IN", UTF-8, parsed); will try to load it.
2022-04-04 12:07:55 DEBUG cache:45 - TemplateLoader.findTemplateSource("spark/partials/author_en_IN.ftl"): Not found
2022-04-04 12:07:55 DEBUG cache:45 - TemplateLoader.findTemplateSource("spark/partials/author_en.ftl"): Not found
2022-04-04 12:07:55 DEBUG cache:45 - TemplateLoader.findTemplateSource("spark/partials/author.ftl"): Found
2022-04-04 12:07:55 DEBUG cache:45 - Loading template for "spark/partials/author.ftl"("en_IN", UTF-8, parsed) from "jar:file:/C:/Users/hp/.m2/repository/com/aventstack/extentreports/5.0.9/extentreports-5.0.9.jar!/com/aventstack/extentreports/templates/spark/partials/author.ftl"
2022-04-04 12:07:55 DEBUG cache:45 - Couldn't find template in cache for "spark/partials/log.ftl"("en_IN", UTF-8, parsed); will try to load it.
2022-04-04 12:07:55 DEBUG cache:45 - TemplateLoader.findTemplateSource("spark/partials/log_en_IN.ftl"): Not found
2022-04-04 12:07:55 DEBUG cache:45 - TemplateLoader.findTemplateSource("spark/partials/log_en.ftl"): Not found
2022-04-04 12:07:55 DEBUG cache:45 - TemplateLoader.findTemplateSource("spark/partials/log.ftl"): Found
2022-04-04 12:07:55 DEBUG cache:45 - Loading template for "spark/partials/log.ftl"("en_IN", UTF-8, parsed) from "jar:file:/C:/Users/hp/.m2/repository/com/aventstack/extentreports/5.0.9/extentreports-5.0.9.jar!/com/aventstack/extentreports/templates/spark/partials/log.ftl"
2022-04-04 12:07:55 DEBUG cache:45 - Couldn't find template in cache for "spark/partials/dashboard.ftl"("en_IN", UTF-8, parsed); will try to load it.
2022-04-04 12:07:55 DEBUG cache:45 - TemplateLoader.findTemplateSource("spark/partials/dashboard_en_IN.ftl"): Not found
2022-04-04 12:07:55 DEBUG cache:45 - TemplateLoader.findTemplateSource("spark/partials/dashboard_en.ftl"): Not found
2022-04-04 12:07:55 DEBUG cache:45 - TemplateLoader.findTemplateSource("spark/partials/dashboard.ftl"): Found
2022-04-04 12:07:55 DEBUG cache:45 - Loading template for "spark/partials/dashboard.ftl"("en_IN", UTF-8, parsed) from "jar:file:/C:/Users/hp/.m2/repository/com/aventstack/extentreports/5.0.9/extentreports-5.0.9.jar!/com/aventstack/extentreports/templates/spark/partials/dashboard.ftl"
2022-04-04 12:07:55 DEBUG cache:45 - Couldn't find template in cache for "spark/partials/scripts.ftl"("en_IN", UTF-8, parsed); will try to load it.
2022-04-04 12:07:55 DEBUG cache:45 - TemplateLoader.findTemplateSource("spark/partials/scripts_en_IN.ftl"): Not found
2022-04-04 12:07:55 DEBUG cache:45 - TemplateLoader.findTemplateSource("spark/partials/scripts_en.ftl"): Not found
2022-04-04 12:07:55 DEBUG cache:45 - TemplateLoader.findTemplateSource("spark/partials/scripts.ftl"): Found
2022-04-04 12:07:55 DEBUG cache:45 - Loading template for "spark/partials/scripts.ftl"("en_IN", UTF-8, parsed) from "jar:file:/C:/Users/hp/.m2/repository/com/aventstack/extentreports/5.0.9/extentreports-5.0.9.jar!/com/aventstack/extentreports/templates/spark/partials/scripts.ftl"
2022-04-04 12:07:55 DEBUG cache:45 - Couldn't find template in cache for "commons/commons-inject-js.ftl"("en_IN", UTF-8, parsed); will try to load it.
2022-04-04 12:07:55 DEBUG cache:45 - TemplateLoader.findTemplateSource("commons/commons-inject-js_en_IN.ftl"): Not found
2022-04-04 12:07:55 DEBUG cache:45 - TemplateLoader.findTemplateSource("commons/commons-inject-js_en.ftl"): Not found
2022-04-04 12:07:55 DEBUG cache:45 - TemplateLoader.findTemplateSource("commons/commons-inject-js.ftl"): Found
2022-04-04 12:07:55 DEBUG cache:45 - Loading template for "commons/commons-inject-js.ftl"("en_IN", UTF-8, parsed) from "jar:file:/C:/Users/hp/.m2/repository/com/aventstack/extentreports/5.0.9/extentreports-5.0.9.jar!/com/aventstack/extentreports/templates/commons/commons-inject-js.ftl"
2022-04-04 14:39:36 INFO  Log:11 - =====================================loginTest TEST START=========================================
2022-04-04 14:39:36 INFO  Log:22 - Navigated to given url
2022-04-04 14:39:36 INFO  Log:22 - Give Username and Paassword and click on singin button
2022-04-04 14:39:36 INFO  Log:22 - Login is sucessful
2022-04-04 14:39:36 INFO  Log:22 - Going to verify Webpage Title after Login
2022-04-04 14:39:40 INFO  Log:22 - Sucessfully verified Webpage Title
2022-04-04 14:39:40 INFO  Log:15 - =====================================loginTest TEST END=========================================
2022-04-04 14:39:46 INFO  Log:11 - =====================================verifyLoginPageTitle TEST START=========================================
2022-04-04 14:39:46 INFO  Log:22 - Navigated to given url
2022-04-04 14:39:46 INFO  Log:22 - Going to verify  Login page Title
2022-04-04 14:39:46 INFO  Log:22 - Sucessfully verified Login page Title
2022-04-04 14:39:46 INFO  Log:15 - =====================================verifyLoginPageTitle TEST END=========================================
2022-04-04 14:39:47 INFO  Log:11 - =====================================verifyUserPage TEST START=========================================
2022-04-04 14:39:47 INFO  Log:22 - Navigated to given url
2022-04-04 14:39:47 INFO  Log:22 - Give Username and Paassword and click on singin button
2022-04-04 14:40:45 INFO  Log:11 - =====================================loginTest TEST START=========================================
2022-04-04 14:40:45 INFO  Log:22 - Navigated to given url
2022-04-04 14:40:45 INFO  Log:22 - Give Username and Paassword and click on singin button
2022-04-04 14:40:45 INFO  Log:22 - Login is sucessful
2022-04-04 14:40:45 INFO  Log:22 - Going to verify Webpage Title after Login
2022-04-04 14:40:48 INFO  Log:22 - Sucessfully verified Webpage Title
2022-04-04 14:40:48 INFO  Log:15 - =====================================loginTest TEST END=========================================
2022-04-04 14:40:53 INFO  Log:11 - =====================================verifyLoginPageTitle TEST START=========================================
2022-04-04 14:40:53 INFO  Log:22 - Navigated to given url
2022-04-04 14:40:53 INFO  Log:22 - Going to verify  Login page Title
2022-04-04 14:40:53 INFO  Log:22 - Sucessfully verified Login page Title
2022-04-04 14:40:53 INFO  Log:15 - =====================================verifyLoginPageTitle TEST END=========================================
2022-04-04 14:41:01 INFO  Log:11 - =====================================verifyUserPage TEST START=========================================
2022-04-04 14:41:01 INFO  Log:22 - Navigated to given url
2022-04-04 14:41:01 INFO  Log:22 - Give Username and Paassword and click on singin button
2022-04-04 14:41:02 INFO  Log:22 - Login is sucessful
2022-04-04 14:41:02 INFO  Log:22 - Going to on Users Option
2022-04-04 14:41:07 INFO  Log:22 - Going to create newuser with all deatils and click on save button
2022-04-04 14:41:09 INFO  Log:22 - Going to verify Sucess message after creating new user
2022-04-04 14:41:10 INFO  Log:22 - Sucessfully verified Sucess message of new user
2022-04-04 14:41:10 INFO  Log:22 - Going to click close button after verifying Sucess Message
2022-04-04 14:41:10 INFO  Log:15 - =====================================verifyUserPage TEST END=========================================
2022-04-04 14:41:18 INFO  Log:11 - =====================================verifyUserPage TEST START=========================================
2022-04-04 14:41:18 INFO  Log:22 - Navigated to given url
2022-04-04 14:41:18 INFO  Log:22 - Give Username and Paassword and click on singin button
2022-04-04 14:41:18 INFO  Log:22 - Login is sucessful
2022-04-04 14:41:18 INFO  Log:22 - Going to on Users Option
2022-04-04 14:41:24 INFO  Log:22 - Going to verify User List Webpage Title 
2022-04-04 14:41:24 INFO  Log:22 - Sucessfully verified User List Webpage Title
2022-04-04 14:41:24 INFO  Log:15 - =====================================verifyUserPage TEST END=========================================
2022-04-04 14:41:24 DEBUG cache:45 - Couldn't find template in cache for "spark/spark.spa.ftl"("en_IN", UTF-8, parsed); will try to load it.
2022-04-04 14:41:24 DEBUG cache:45 - TemplateLoader.findTemplateSource("spark/spark.spa_en_IN.ftl"): Not found
2022-04-04 14:41:24 DEBUG cache:45 - TemplateLoader.findTemplateSource("spark/spark.spa_en.ftl"): Not found
2022-04-04 14:41:24 DEBUG cache:45 - TemplateLoader.findTemplateSource("spark/spark.spa.ftl"): Found
2022-04-04 14:41:24 DEBUG cache:45 - Loading template for "spark/spark.spa.ftl"("en_IN", UTF-8, parsed) from "jar:file:/C:/Users/hp/.m2/repository/com/aventstack/extentreports/5.0.9/extentreports-5.0.9.jar!/com/aventstack/extentreports/templates/spark/spark.spa.ftl"
2022-04-04 14:41:24 DEBUG cache:45 - Couldn't find template in cache for "commons/commons-variables.ftl"("en_IN", UTF-8, parsed); will try to load it.
2022-04-04 14:41:24 DEBUG cache:45 - TemplateLoader.findTemplateSource("commons/commons-variables_en_IN.ftl"): Not found
2022-04-04 14:41:24 DEBUG cache:45 - TemplateLoader.findTemplateSource("commons/commons-variables_en.ftl"): Not found
2022-04-04 14:41:24 DEBUG cache:45 - TemplateLoader.findTemplateSource("commons/commons-variables.ftl"): Found
2022-04-04 14:41:24 DEBUG cache:45 - Loading template for "commons/commons-variables.ftl"("en_IN", UTF-8, parsed) from "jar:file:/C:/Users/hp/.m2/repository/com/aventstack/extentreports/5.0.9/extentreports-5.0.9.jar!/com/aventstack/extentreports/templates/commons/commons-variables.ftl"
2022-04-04 14:41:24 DEBUG cache:45 - Couldn't find template in cache for "commons/commons-macros.ftl"("en_IN", UTF-8, parsed); will try to load it.
2022-04-04 14:41:24 DEBUG cache:45 - TemplateLoader.findTemplateSource("commons/commons-macros_en_IN.ftl"): Not found
2022-04-04 14:41:24 DEBUG cache:45 - TemplateLoader.findTemplateSource("commons/commons-macros_en.ftl"): Not found
2022-04-04 14:41:24 DEBUG cache:45 - TemplateLoader.findTemplateSource("commons/commons-macros.ftl"): Found
2022-04-04 14:41:24 DEBUG cache:45 - Loading template for "commons/commons-macros.ftl"("en_IN", UTF-8, parsed) from "jar:file:/C:/Users/hp/.m2/repository/com/aventstack/extentreports/5.0.9/extentreports-5.0.9.jar!/com/aventstack/extentreports/templates/commons/commons-macros.ftl"
2022-04-04 14:41:24 DEBUG cache:45 - Couldn't find template in cache for "spark/macros/attributes.ftl"("en_IN", UTF-8, parsed); will try to load it.
2022-04-04 14:41:24 DEBUG cache:45 - TemplateLoader.findTemplateSource("spark/macros/attributes_en_IN.ftl"): Not found
2022-04-04 14:41:24 DEBUG cache:45 - TemplateLoader.findTemplateSource("spark/macros/attributes_en.ftl"): Not found
2022-04-04 14:41:24 DEBUG cache:45 - TemplateLoader.findTemplateSource("spark/macros/attributes.ftl"): Found
2022-04-04 14:41:24 DEBUG cache:45 - Loading template for "spark/macros/attributes.ftl"("en_IN", UTF-8, parsed) from "jar:file:/C:/Users/hp/.m2/repository/com/aventstack/extentreports/5.0.9/extentreports-5.0.9.jar!/com/aventstack/extentreports/templates/spark/macros/attributes.ftl"
2022-04-04 14:41:24 DEBUG cache:45 - Couldn't find template in cache for "spark/macros/log.ftl"("en_IN", UTF-8, parsed); will try to load it.
2022-04-04 14:41:24 DEBUG cache:45 - TemplateLoader.findTemplateSource("spark/macros/log_en_IN.ftl"): Not found
2022-04-04 14:41:24 DEBUG cache:45 - TemplateLoader.findTemplateSource("spark/macros/log_en.ftl"): Not found
2022-04-04 14:41:24 DEBUG cache:45 - TemplateLoader.findTemplateSource("spark/macros/log.ftl"): Found
2022-04-04 14:41:24 DEBUG cache:45 - Loading template for "spark/macros/log.ftl"("en_IN", UTF-8, parsed) from "jar:file:/C:/Users/hp/.m2/repository/com/aventstack/extentreports/5.0.9/extentreports-5.0.9.jar!/com/aventstack/extentreports/templates/spark/macros/log.ftl"
2022-04-04 14:41:24 DEBUG cache:45 - Couldn't find template in cache for "spark/macros/recurse_nodes.ftl"("en_IN", UTF-8, parsed); will try to load it.
2022-04-04 14:41:24 DEBUG cache:45 - TemplateLoader.findTemplateSource("spark/macros/recurse_nodes_en_IN.ftl"): Not found
2022-04-04 14:41:24 DEBUG cache:45 - TemplateLoader.findTemplateSource("spark/macros/recurse_nodes_en.ftl"): Not found
2022-04-04 14:41:24 DEBUG cache:45 - TemplateLoader.findTemplateSource("spark/macros/recurse_nodes.ftl"): Found
2022-04-04 14:41:24 DEBUG cache:45 - Loading template for "spark/macros/recurse_nodes.ftl"("en_IN", UTF-8, parsed) from "jar:file:/C:/Users/hp/.m2/repository/com/aventstack/extentreports/5.0.9/extentreports-5.0.9.jar!/com/aventstack/extentreports/templates/spark/macros/recurse_nodes.ftl"
2022-04-04 14:41:24 DEBUG cache:45 - "spark/macros/log.ftl"("en_IN", UTF-8, parsed) cached copy not yet stale; using cached.
2022-04-04 14:41:24 DEBUG cache:45 - Couldn't find template in cache for "spark/macros/attr-common.ftl"("en_IN", UTF-8, parsed); will try to load it.
2022-04-04 14:41:24 DEBUG cache:45 - TemplateLoader.findTemplateSource("spark/macros/attr-common_en_IN.ftl"): Not found
2022-04-04 14:41:24 DEBUG cache:45 - TemplateLoader.findTemplateSource("spark/macros/attr-common_en.ftl"): Not found
2022-04-04 14:41:24 DEBUG cache:45 - TemplateLoader.findTemplateSource("spark/macros/attr-common.ftl"): Found
2022-04-04 14:41:24 DEBUG cache:45 - Loading template for "spark/macros/attr-common.ftl"("en_IN", UTF-8, parsed) from "jar:file:/C:/Users/hp/.m2/repository/com/aventstack/extentreports/5.0.9/extentreports-5.0.9.jar!/com/aventstack/extentreports/templates/spark/macros/attr-common.ftl"
2022-04-04 14:41:24 DEBUG cache:45 - Couldn't find template in cache for "spark/partials/head.ftl"("en_IN", UTF-8, parsed); will try to load it.
2022-04-04 14:41:24 DEBUG cache:45 - TemplateLoader.findTemplateSource("spark/partials/head_en_IN.ftl"): Not found
2022-04-04 14:41:24 DEBUG cache:45 - TemplateLoader.findTemplateSource("spark/partials/head_en.ftl"): Not found
2022-04-04 14:41:24 DEBUG cache:45 - TemplateLoader.findTemplateSource("spark/partials/head.ftl"): Found
2022-04-04 14:41:24 DEBUG cache:45 - Loading template for "spark/partials/head.ftl"("en_IN", UTF-8, parsed) from "jar:file:/C:/Users/hp/.m2/repository/com/aventstack/extentreports/5.0.9/extentreports-5.0.9.jar!/com/aventstack/extentreports/templates/spark/partials/head.ftl"
2022-04-04 14:41:24 DEBUG cache:45 - Couldn't find template in cache for "commons/commons-inject-css.ftl"("en_IN", UTF-8, parsed); will try to load it.
2022-04-04 14:41:24 DEBUG cache:45 - TemplateLoader.findTemplateSource("commons/commons-inject-css_en_IN.ftl"): Not found
2022-04-04 14:41:24 DEBUG cache:45 - TemplateLoader.findTemplateSource("commons/commons-inject-css_en.ftl"): Not found
2022-04-04 14:41:24 DEBUG cache:45 - TemplateLoader.findTemplateSource("commons/commons-inject-css.ftl"): Found
2022-04-04 14:41:24 DEBUG cache:45 - Loading template for "commons/commons-inject-css.ftl"("en_IN", UTF-8, parsed) from "jar:file:/C:/Users/hp/.m2/repository/com/aventstack/extentreports/5.0.9/extentreports-5.0.9.jar!/com/aventstack/extentreports/templates/commons/commons-inject-css.ftl"
2022-04-04 14:41:24 DEBUG cache:45 - Couldn't find template in cache for "spark/partials/navbar.ftl"("en_IN", UTF-8, parsed); will try to load it.
2022-04-04 14:41:24 DEBUG cache:45 - TemplateLoader.findTemplateSource("spark/partials/navbar_en_IN.ftl"): Not found
2022-04-04 14:41:24 DEBUG cache:45 - TemplateLoader.findTemplateSource("spark/partials/navbar_en.ftl"): Not found
2022-04-04 14:41:24 DEBUG cache:45 - TemplateLoader.findTemplateSource("spark/partials/navbar.ftl"): Found
2022-04-04 14:41:24 DEBUG cache:45 - Loading template for "spark/partials/navbar.ftl"("en_IN", UTF-8, parsed) from "jar:file:/C:/Users/hp/.m2/repository/com/aventstack/extentreports/5.0.9/extentreports-5.0.9.jar!/com/aventstack/extentreports/templates/spark/partials/navbar.ftl"
2022-04-04 14:41:24 DEBUG cache:45 - Couldn't find template in cache for "spark/partials/sidenav.ftl"("en_IN", UTF-8, parsed); will try to load it.
2022-04-04 14:41:24 DEBUG cache:45 - TemplateLoader.findTemplateSource("spark/partials/sidenav_en_IN.ftl"): Not found
2022-04-04 14:41:24 DEBUG cache:45 - TemplateLoader.findTemplateSource("spark/partials/sidenav_en.ftl"): Not found
2022-04-04 14:41:24 DEBUG cache:45 - TemplateLoader.findTemplateSource("spark/partials/sidenav.ftl"): Found
2022-04-04 14:41:24 DEBUG cache:45 - Loading template for "spark/partials/sidenav.ftl"("en_IN", UTF-8, parsed) from "jar:file:/C:/Users/hp/.m2/repository/com/aventstack/extentreports/5.0.9/extentreports-5.0.9.jar!/com/aventstack/extentreports/templates/spark/partials/sidenav.ftl"
2022-04-04 14:41:24 DEBUG cache:45 - Couldn't find template in cache for "spark/partials/test.ftl"("en_IN", UTF-8, parsed); will try to load it.
2022-04-04 14:41:24 DEBUG cache:45 - TemplateLoader.findTemplateSource("spark/partials/test_en_IN.ftl"): Not found
2022-04-04 14:41:24 DEBUG cache:45 - TemplateLoader.findTemplateSource("spark/partials/test_en.ftl"): Not found
2022-04-04 14:41:24 DEBUG cache:45 - TemplateLoader.findTemplateSource("spark/partials/test.ftl"): Found
2022-04-04 14:41:24 DEBUG cache:45 - Loading template for "spark/partials/test.ftl"("en_IN", UTF-8, parsed) from "jar:file:/C:/Users/hp/.m2/repository/com/aventstack/extentreports/5.0.9/extentreports-5.0.9.jar!/com/aventstack/extentreports/templates/spark/partials/test.ftl"
2022-04-04 14:41:24 DEBUG cache:45 - Couldn't find template in cache for "spark/partials/standard-content.ftl"("en_IN", UTF-8, parsed); will try to load it.
2022-04-04 14:41:24 DEBUG cache:45 - TemplateLoader.findTemplateSource("spark/partials/standard-content_en_IN.ftl"): Not found
2022-04-04 14:41:24 DEBUG cache:45 - TemplateLoader.findTemplateSource("spark/partials/standard-content_en.ftl"): Not found
2022-04-04 14:41:24 DEBUG cache:45 - TemplateLoader.findTemplateSource("spark/partials/standard-content.ftl"): Found
2022-04-04 14:41:24 DEBUG cache:45 - Loading template for "spark/partials/standard-content.ftl"("en_IN", UTF-8, parsed) from "jar:file:/C:/Users/hp/.m2/repository/com/aventstack/extentreports/5.0.9/extentreports-5.0.9.jar!/com/aventstack/extentreports/templates/spark/partials/standard-content.ftl"
2022-04-04 14:41:24 DEBUG cache:45 - "spark/partials/standard-content.ftl"("en_IN", UTF-8, parsed) cached copy not yet stale; using cached.
2022-04-04 14:41:24 DEBUG cache:45 - "spark/partials/standard-content.ftl"("en_IN", UTF-8, parsed) cached copy not yet stale; using cached.
2022-04-04 14:41:24 DEBUG cache:45 - "spark/partials/standard-content.ftl"("en_IN", UTF-8, parsed) cached copy not yet stale; using cached.
2022-04-04 14:41:24 DEBUG cache:45 - Couldn't find template in cache for "spark/partials/exception.ftl"("en_IN", UTF-8, parsed); will try to load it.
2022-04-04 14:41:24 DEBUG cache:45 - TemplateLoader.findTemplateSource("spark/partials/exception_en_IN.ftl"): Not found
2022-04-04 14:41:24 DEBUG cache:45 - TemplateLoader.findTemplateSource("spark/partials/exception_en.ftl"): Not found
2022-04-04 14:41:24 DEBUG cache:45 - TemplateLoader.findTemplateSource("spark/partials/exception.ftl"): Found
2022-04-04 14:41:24 DEBUG cache:45 - Loading template for "spark/partials/exception.ftl"("en_IN", UTF-8, parsed) from "jar:file:/C:/Users/hp/.m2/repository/com/aventstack/extentreports/5.0.9/extentreports-5.0.9.jar!/com/aventstack/extentreports/templates/spark/partials/exception.ftl"
2022-04-04 14:41:24 DEBUG cache:45 - Couldn't find template in cache for "spark/partials/category.ftl"("en_IN", UTF-8, parsed); will try to load it.
2022-04-04 14:41:24 DEBUG cache:45 - TemplateLoader.findTemplateSource("spark/partials/category_en_IN.ftl"): Not found
2022-04-04 14:41:24 DEBUG cache:45 - TemplateLoader.findTemplateSource("spark/partials/category_en.ftl"): Not found
2022-04-04 14:41:24 DEBUG cache:45 - TemplateLoader.findTemplateSource("spark/partials/category.ftl"): Found
2022-04-04 14:41:24 DEBUG cache:45 - Loading template for "spark/partials/category.ftl"("en_IN", UTF-8, parsed) from "jar:file:/C:/Users/hp/.m2/repository/com/aventstack/extentreports/5.0.9/extentreports-5.0.9.jar!/com/aventstack/extentreports/templates/spark/partials/category.ftl"
2022-04-04 14:41:24 DEBUG cache:45 - Couldn't find template in cache for "spark/partials/device.ftl"("en_IN", UTF-8, parsed); will try to load it.
2022-04-04 14:41:24 DEBUG cache:45 - TemplateLoader.findTemplateSource("spark/partials/device_en_IN.ftl"): Not found
2022-04-04 14:41:24 DEBUG cache:45 - TemplateLoader.findTemplateSource("spark/partials/device_en.ftl"): Not found
2022-04-04 14:41:24 DEBUG cache:45 - TemplateLoader.findTemplateSource("spark/partials/device.ftl"): Found
2022-04-04 14:41:24 DEBUG cache:45 - Loading template for "spark/partials/device.ftl"("en_IN", UTF-8, parsed) from "jar:file:/C:/Users/hp/.m2/repository/com/aventstack/extentreports/5.0.9/extentreports-5.0.9.jar!/com/aventstack/extentreports/templates/spark/partials/device.ftl"
2022-04-04 14:41:24 DEBUG cache:45 - Couldn't find template in cache for "spark/partials/author.ftl"("en_IN", UTF-8, parsed); will try to load it.
2022-04-04 14:41:24 DEBUG cache:45 - TemplateLoader.findTemplateSource("spark/partials/author_en_IN.ftl"): Not found
2022-04-04 14:41:24 DEBUG cache:45 - TemplateLoader.findTemplateSource("spark/partials/author_en.ftl"): Not found
2022-04-04 14:41:24 DEBUG cache:45 - TemplateLoader.findTemplateSource("spark/partials/author.ftl"): Found
2022-04-04 14:41:24 DEBUG cache:45 - Loading template for "spark/partials/author.ftl"("en_IN", UTF-8, parsed) from "jar:file:/C:/Users/hp/.m2/repository/com/aventstack/extentreports/5.0.9/extentreports-5.0.9.jar!/com/aventstack/extentreports/templates/spark/partials/author.ftl"
2022-04-04 14:41:24 DEBUG cache:45 - Couldn't find template in cache for "spark/partials/log.ftl"("en_IN", UTF-8, parsed); will try to load it.
2022-04-04 14:41:24 DEBUG cache:45 - TemplateLoader.findTemplateSource("spark/partials/log_en_IN.ftl"): Not found
2022-04-04 14:41:24 DEBUG cache:45 - TemplateLoader.findTemplateSource("spark/partials/log_en.ftl"): Not found
2022-04-04 14:41:24 DEBUG cache:45 - TemplateLoader.findTemplateSource("spark/partials/log.ftl"): Found
2022-04-04 14:41:24 DEBUG cache:45 - Loading template for "spark/partials/log.ftl"("en_IN", UTF-8, parsed) from "jar:file:/C:/Users/hp/.m2/repository/com/aventstack/extentreports/5.0.9/extentreports-5.0.9.jar!/com/aventstack/extentreports/templates/spark/partials/log.ftl"
2022-04-04 14:41:24 DEBUG cache:45 - Couldn't find template in cache for "spark/partials/dashboard.ftl"("en_IN", UTF-8, parsed); will try to load it.
2022-04-04 14:41:24 DEBUG cache:45 - TemplateLoader.findTemplateSource("spark/partials/dashboard_en_IN.ftl"): Not found
2022-04-04 14:41:24 DEBUG cache:45 - TemplateLoader.findTemplateSource("spark/partials/dashboard_en.ftl"): Not found
2022-04-04 14:41:24 DEBUG cache:45 - TemplateLoader.findTemplateSource("spark/partials/dashboard.ftl"): Found
2022-04-04 14:41:24 DEBUG cache:45 - Loading template for "spark/partials/dashboard.ftl"("en_IN", UTF-8, parsed) from "jar:file:/C:/Users/hp/.m2/repository/com/aventstack/extentreports/5.0.9/extentreports-5.0.9.jar!/com/aventstack/extentreports/templates/spark/partials/dashboard.ftl"
2022-04-04 14:41:24 DEBUG cache:45 - Couldn't find template in cache for "spark/partials/scripts.ftl"("en_IN", UTF-8, parsed); will try to load it.
2022-04-04 14:41:24 DEBUG cache:45 - TemplateLoader.findTemplateSource("spark/partials/scripts_en_IN.ftl"): Not found
2022-04-04 14:41:24 DEBUG cache:45 - TemplateLoader.findTemplateSource("spark/partials/scripts_en.ftl"): Not found
2022-04-04 14:41:24 DEBUG cache:45 - TemplateLoader.findTemplateSource("spark/partials/scripts.ftl"): Found
2022-04-04 14:41:24 DEBUG cache:45 - Loading template for "spark/partials/scripts.ftl"("en_IN", UTF-8, parsed) from "jar:file:/C:/Users/hp/.m2/repository/com/aventstack/extentreports/5.0.9/extentreports-5.0.9.jar!/com/aventstack/extentreports/templates/spark/partials/scripts.ftl"
2022-04-04 14:41:24 DEBUG cache:45 - Couldn't find template in cache for "commons/commons-inject-js.ftl"("en_IN", UTF-8, parsed); will try to load it.
2022-04-04 14:41:24 DEBUG cache:45 - TemplateLoader.findTemplateSource("commons/commons-inject-js_en_IN.ftl"): Not found
2022-04-04 14:41:24 DEBUG cache:45 - TemplateLoader.findTemplateSource("commons/commons-inject-js_en.ftl"): Not found
2022-04-04 14:41:24 DEBUG cache:45 - TemplateLoader.findTemplateSource("commons/commons-inject-js.ftl"): Found
2022-04-04 14:41:24 DEBUG cache:45 - Loading template for "commons/commons-inject-js.ftl"("en_IN", UTF-8, parsed) from "jar:file:/C:/Users/hp/.m2/repository/com/aventstack/extentreports/5.0.9/extentreports-5.0.9.jar!/com/aventstack/extentreports/templates/commons/commons-inject-js.ftl"
